<?xml version="1.0" encoding="UTF-8"?>
<!-- Generated by org.testng.reporters.JUnitXMLReporter -->
<testsuite hostname="hw0055" name="Default test(failed)" tests="1" failures="0" timestamp="17 Aug 2013 05:27:21 GMT" time="0.234" errors="0">
  <testcase name="@BeforeSuite setUp" time="0.0" classname="com.cigniti.heartLandDemo.SettleBatch">
    <failure type="java.lang.RuntimeException" message="Failed to set device to adb:android. Failed to identify device adb:android">
      <![CDATA[java.lang.RuntimeException: Failed to set device to adb:android. Failed to identify device adb:android
	at com.experitest.client.Client.execute(Client.java:825)
	at com.experitest.client.Client.setApplicationTitle(Client.java:87)
	at com.cigniti.utilities.java.ExpireSuit.setUp(ExpireSuit.java:33)
... Removed 18 stack frames]]>
    </failure>
  </testcase> <!-- @BeforeSuite setUp -->
  <testcase name="testCredit_Sale" time="0.0" classname="com.cigniti.heartLandDemo.SettleBatch">
    <skipped/>
  </testcase> <!-- testCredit_Sale -->
</testsuite> <!-- Default test(failed) -->
