<?xml version="1.0" encoding="UTF-8"?>
<testng-results skipped="0" failed="0" total="1" passed="1">
  <reporter-output>
  </reporter-output>
  <suite name="Default suite" duration-ms="148344" started-at="2013-10-15T07:13:23Z" finished-at="2013-10-15T07:15:51Z">
    <groups>
    </groups>
    <test name="Default test" duration-ms="148344" started-at="2013-10-15T07:13:23Z" finished-at="2013-10-15T07:15:51Z">
      <class name="com.cigniti.angrybirds.Angrybirds">
        <test-method status="PASS" signature="setUp()[pri:0, instance:com.cigniti.angrybirds.Angrybirds@186787c]" name="setUp" is-config="true" duration-ms="51" started-at="2013-10-15T12:43:23Z" finished-at="2013-10-15T12:43:23Z">
          <reporter-output>
          </reporter-output>
        </test-method> <!-- setUp -->
        <test-method status="PASS" signature="testscenario()[pri:0, instance:com.cigniti.angrybirds.Angrybirds@186787c]" name="testscenario" duration-ms="148063" started-at="2013-10-15T12:43:23Z" finished-at="2013-10-15T12:45:51Z">
          <reporter-output>
          </reporter-output>
        </test-method> <!-- testscenario -->
        <test-method status="PASS" signature="tearDown()[pri:0, instance:com.cigniti.angrybirds.Angrybirds@186787c]" name="tearDown" is-config="true" duration-ms="222" started-at="2013-10-15T12:45:51Z" finished-at="2013-10-15T12:45:51Z">
          <reporter-output>
          </reporter-output>
        </test-method> <!-- tearDown -->
      </class> <!-- com.cigniti.angrybirds.Angrybirds -->
    </test> <!-- Default test -->
  </suite> <!-- Default suite -->
</testng-results>
